<?xml version="1.0" encoding="UTF-8"?>
<testng-results skipped="0" failed="2" ignored="0" total="10" passed="8">
  <reporter-output>
  </reporter-output>
  <suite name="Suite" duration-ms="529586" started-at="2019-02-11T16:04:30Z" finished-at="2019-02-11T16:13:19Z">
    <groups>
    </groups>
    <test name="Test" duration-ms="529586" started-at="2019-02-11T16:04:30Z" finished-at="2019-02-11T16:13:19Z">
      <class name="com.qa.testcases.ServicePageTest">
        <test-method status="PASS" signature="setup()[pri:0, instance:com.qa.testcases.ServicePageTest@42e26948]" name="setup" is-config="true" duration-ms="31810" started-at="2019-02-11T21:37:06Z" finished-at="2019-02-11T21:37:37Z">
          <reporter-output>
          </reporter-output>
        </test-method> <!-- setup -->
        <test-method status="PASS" signature="servicePageTest()[pri:1, instance:com.qa.testcases.ServicePageTest@42e26948]" name="servicePageTest" duration-ms="15602" started-at="2019-02-11T21:37:37Z" finished-at="2019-02-11T21:37:53Z">
          <reporter-output>
          </reporter-output>
        </test-method> <!-- servicePageTest -->
        <test-method status="PASS" signature="tearDown()[pri:0, instance:com.qa.testcases.ServicePageTest@42e26948]" name="tearDown" is-config="true" duration-ms="856" started-at="2019-02-11T21:37:53Z" finished-at="2019-02-11T21:37:54Z">
          <reporter-output>
          </reporter-output>
        </test-method> <!-- tearDown -->
        <test-method status="PASS" signature="setup()[pri:0, instance:com.qa.testcases.ServicePageTest@42e26948]" name="setup" is-config="true" duration-ms="57998" started-at="2019-02-11T21:39:03Z" finished-at="2019-02-11T21:40:01Z">
          <reporter-output>
          </reporter-output>
        </test-method> <!-- setup -->
        <test-method status="FAIL" signature="EpatButtonClick()[pri:2, instance:com.qa.testcases.ServicePageTest@42e26948]" name="EpatButtonClick" duration-ms="24435" started-at="2019-02-11T21:40:01Z" finished-at="2019-02-11T21:40:26Z">
          <exception class="java.lang.IndexOutOfBoundsException">
            <message>
              <![CDATA[Index: 1, Size: 1]]>
            </message>
            <full-stacktrace>
              <![CDATA[java.lang.IndexOutOfBoundsException: Index: 1, Size: 1
	at java.util.ArrayList.rangeCheck(Unknown Source)
	at java.util.ArrayList.get(Unknown Source)
	at com.quanta.utility.Util.switchToNewTab(Util.java:33)
	at com.quanta.pages.Profilepage.profilepage(Profilepage.java:51)
	at com.qa.testcases.ServicePageTest.EpatButtonClick(ServicePageTest.java:48)
	at sun.reflect.NativeMethodAccessorImpl.invoke0(Native Method)
	at sun.reflect.NativeMethodAccessorImpl.invoke(Unknown Source)
	at sun.reflect.DelegatingMethodAccessorImpl.invoke(Unknown Source)
	at java.lang.reflect.Method.invoke(Unknown Source)
	at org.testng.internal.MethodInvocationHelper.invokeMethod(MethodInvocationHelper.java:108)
	at org.testng.internal.Invoker.invokeMethod(Invoker.java:661)
	at org.testng.internal.Invoker.invokeTestMethod(Invoker.java:869)
	at org.testng.internal.Invoker.invokeTestMethods(Invoker.java:1193)
	at org.testng.internal.TestMethodWorker.invokeTestMethods(TestMethodWorker.java:126)
	at org.testng.internal.TestMethodWorker.run(TestMethodWorker.java:109)
	at org.testng.TestRunner.privateRun(TestRunner.java:744)
	at org.testng.TestRunner.run(TestRunner.java:602)
	at org.testng.SuiteRunner.runTest(SuiteRunner.java:380)
	at org.testng.SuiteRunner.runSequentially(SuiteRunner.java:375)
	at org.testng.SuiteRunner.privateRun(SuiteRunner.java:340)
	at org.testng.SuiteRunner.run(SuiteRunner.java:289)
	at org.testng.SuiteRunnerWorker.runSuite(SuiteRunnerWorker.java:52)
	at org.testng.SuiteRunnerWorker.run(SuiteRunnerWorker.java:86)
	at org.testng.TestNG.runSuitesSequentially(TestNG.java:1301)
	at org.testng.TestNG.runSuitesLocally(TestNG.java:1226)
	at org.testng.TestNG.runSuites(TestNG.java:1144)
	at org.testng.TestNG.run(TestNG.java:1115)
	at org.testng.remote.AbstractRemoteTestNG.run(AbstractRemoteTestNG.java:114)
	at org.testng.remote.RemoteTestNG.initAndRun(RemoteTestNG.java:251)
	at org.testng.remote.RemoteTestNG.main(RemoteTestNG.java:77)
]]>
            </full-stacktrace>
          </exception> <!-- java.lang.IndexOutOfBoundsException -->
          <reporter-output>
          </reporter-output>
        </test-method> <!-- EpatButtonClick -->
        <test-method status="PASS" signature="tearDown()[pri:0, instance:com.qa.testcases.ServicePageTest@42e26948]" name="tearDown" is-config="true" duration-ms="779" started-at="2019-02-11T21:40:26Z" finished-at="2019-02-11T21:40:27Z">
          <reporter-output>
          </reporter-output>
        </test-method> <!-- tearDown -->
        <test-method status="PASS" signature="setup()[pri:0, instance:com.qa.testcases.ServicePageTest@42e26948]" name="setup" is-config="true" duration-ms="34793" started-at="2019-02-11T21:41:04Z" finished-at="2019-02-11T21:41:39Z">
          <reporter-output>
          </reporter-output>
        </test-method> <!-- setup -->
        <test-method status="PASS" signature="quantraButtonClick()[pri:3, instance:com.qa.testcases.ServicePageTest@42e26948]" name="quantraButtonClick" duration-ms="14117" started-at="2019-02-11T21:41:39Z" finished-at="2019-02-11T21:41:53Z">
          <reporter-output>
          </reporter-output>
        </test-method> <!-- quantraButtonClick -->
        <test-method status="PASS" signature="tearDown()[pri:0, instance:com.qa.testcases.ServicePageTest@42e26948]" name="tearDown" is-config="true" duration-ms="792" started-at="2019-02-11T21:41:53Z" finished-at="2019-02-11T21:41:54Z">
          <reporter-output>
          </reporter-output>
        </test-method> <!-- tearDown -->
        <test-method status="PASS" signature="setup()[pri:0, instance:com.qa.testcases.ServicePageTest@42e26948]" name="setup" is-config="true" duration-ms="27254" started-at="2019-02-11T21:42:37Z" finished-at="2019-02-11T21:43:04Z">
          <reporter-output>
          </reporter-output>
        </test-method> <!-- setup -->
        <test-method status="PASS" signature="logOutTest()[pri:4, instance:com.qa.testcases.ServicePageTest@42e26948]" name="logOutTest" duration-ms="14521" started-at="2019-02-11T21:43:04Z" finished-at="2019-02-11T21:43:19Z">
          <reporter-output>
          </reporter-output>
        </test-method> <!-- logOutTest -->
        <test-method status="PASS" signature="tearDown()[pri:0, instance:com.qa.testcases.ServicePageTest@42e26948]" name="tearDown" is-config="true" duration-ms="753" started-at="2019-02-11T21:43:19Z" finished-at="2019-02-11T21:43:19Z">
          <reporter-output>
          </reporter-output>
        </test-method> <!-- tearDown -->
      </class> <!-- com.qa.testcases.ServicePageTest -->
      <class name="com.qa.testcases.HomePageTest">
        <test-method status="PASS" signature="setup()[pri:0, instance:com.qa.testcases.HomePageTest@1794d431]" name="setup" is-config="true" duration-ms="12905" started-at="2019-02-11T21:36:40Z" finished-at="2019-02-11T21:36:53Z">
          <reporter-output>
          </reporter-output>
        </test-method> <!-- setup -->
        <test-method status="PASS" signature="homePageTest()[pri:1, instance:com.qa.testcases.HomePageTest@1794d431]" name="homePageTest" duration-ms="10784" started-at="2019-02-11T21:36:53Z" finished-at="2019-02-11T21:37:04Z">
          <reporter-output>
          </reporter-output>
        </test-method> <!-- homePageTest -->
        <test-method status="PASS" signature="tearDown()[pri:0, instance:com.qa.testcases.HomePageTest@1794d431]" name="tearDown" is-config="true" duration-ms="1607" started-at="2019-02-11T21:37:04Z" finished-at="2019-02-11T21:37:06Z">
          <reporter-output>
          </reporter-output>
        </test-method> <!-- tearDown -->
      </class> <!-- com.qa.testcases.HomePageTest -->
      <class name="com.qa.testcases.ProfilePageTest">
        <test-method status="PASS" signature="setup()[pri:0, instance:com.qa.testcases.ProfilePageTest@39c0f4a]" name="setup" is-config="true" duration-ms="29210" started-at="2019-02-11T21:35:50Z" finished-at="2019-02-11T21:36:19Z">
          <reporter-output>
          </reporter-output>
        </test-method> <!-- setup -->
        <test-method status="PASS" signature="profilePageTest()[pri:1, instance:com.qa.testcases.ProfilePageTest@39c0f4a]" name="profilePageTest" duration-ms="19764" started-at="2019-02-11T21:36:19Z" finished-at="2019-02-11T21:36:39Z">
          <reporter-output>
          </reporter-output>
        </test-method> <!-- profilePageTest -->
        <test-method status="PASS" signature="tearDown()[pri:0, instance:com.qa.testcases.ProfilePageTest@39c0f4a]" name="tearDown" is-config="true" duration-ms="1701" started-at="2019-02-11T21:36:39Z" finished-at="2019-02-11T21:36:40Z">
          <reporter-output>
          </reporter-output>
        </test-method> <!-- tearDown -->
        <test-method status="PASS" signature="setup()[pri:0, instance:com.qa.testcases.ProfilePageTest@39c0f4a]" name="setup" is-config="true" duration-ms="39230" started-at="2019-02-11T21:37:54Z" finished-at="2019-02-11T21:38:33Z">
          <reporter-output>
          </reporter-output>
        </test-method> <!-- setup -->
        <test-method status="FAIL" signature="getEmailAddress()[pri:2, instance:com.qa.testcases.ProfilePageTest@39c0f4a]" name="getEmailAddress" duration-ms="29335" started-at="2019-02-11T21:38:33Z" finished-at="2019-02-11T21:39:02Z">
          <exception class="java.lang.AssertionError">
            <message>
              <![CDATA[expected [sachin.p+dummy1@quantinsti.com] but found []]]>
            </message>
            <full-stacktrace>
              <![CDATA[java.lang.AssertionError: expected [sachin.p+dummy1@quantinsti.com] but found []
	at org.testng.Assert.fail(Assert.java:93)
	at org.testng.Assert.failNotEquals(Assert.java:512)
	at org.testng.Assert.assertEqualsImpl(Assert.java:134)
	at org.testng.Assert.assertEquals(Assert.java:115)
	at org.testng.Assert.assertEquals(Assert.java:189)
	at org.testng.Assert.assertEquals(Assert.java:199)
	at com.qa.testcases.ProfilePageTest.getEmailAddress(ProfilePageTest.java:49)
	at sun.reflect.NativeMethodAccessorImpl.invoke0(Native Method)
	at sun.reflect.NativeMethodAccessorImpl.invoke(Unknown Source)
	at sun.reflect.DelegatingMethodAccessorImpl.invoke(Unknown Source)
	at java.lang.reflect.Method.invoke(Unknown Source)
	at org.testng.internal.MethodInvocationHelper.invokeMethod(MethodInvocationHelper.java:108)
	at org.testng.internal.Invoker.invokeMethod(Invoker.java:661)
	at org.testng.internal.Invoker.invokeTestMethod(Invoker.java:869)
	at org.testng.internal.Invoker.invokeTestMethods(Invoker.java:1193)
	at org.testng.internal.TestMethodWorker.invokeTestMethods(TestMethodWorker.java:126)
	at org.testng.internal.TestMethodWorker.run(TestMethodWorker.java:109)
	at org.testng.TestRunner.privateRun(TestRunner.java:744)
	at org.testng.TestRunner.run(TestRunner.java:602)
	at org.testng.SuiteRunner.runTest(SuiteRunner.java:380)
	at org.testng.SuiteRunner.runSequentially(SuiteRunner.java:375)
	at org.testng.SuiteRunner.privateRun(SuiteRunner.java:340)
	at org.testng.SuiteRunner.run(SuiteRunner.java:289)
	at org.testng.SuiteRunnerWorker.runSuite(SuiteRunnerWorker.java:52)
	at org.testng.SuiteRunnerWorker.run(SuiteRunnerWorker.java:86)
	at org.testng.TestNG.runSuitesSequentially(TestNG.java:1301)
	at org.testng.TestNG.runSuitesLocally(TestNG.java:1226)
	at org.testng.TestNG.runSuites(TestNG.java:1144)
	at org.testng.TestNG.run(TestNG.java:1115)
	at org.testng.remote.AbstractRemoteTestNG.run(AbstractRemoteTestNG.java:114)
	at org.testng.remote.RemoteTestNG.initAndRun(RemoteTestNG.java:251)
	at org.testng.remote.RemoteTestNG.main(RemoteTestNG.java:77)
]]>
            </full-stacktrace>
          </exception> <!-- java.lang.AssertionError -->
          <reporter-output>
          </reporter-output>
        </test-method> <!-- getEmailAddress -->
        <test-method status="PASS" signature="tearDown()[pri:0, instance:com.qa.testcases.ProfilePageTest@39c0f4a]" name="tearDown" is-config="true" duration-ms="755" started-at="2019-02-11T21:39:03Z" finished-at="2019-02-11T21:39:03Z">
          <reporter-output>
          </reporter-output>
        </test-method> <!-- tearDown -->
        <test-method status="PASS" signature="setup()[pri:0, instance:com.qa.testcases.ProfilePageTest@39c0f4a]" name="setup" is-config="true" duration-ms="23618" started-at="2019-02-11T21:40:27Z" finished-at="2019-02-11T21:40:50Z">
          <reporter-output>
          </reporter-output>
        </test-method> <!-- setup -->
        <test-method status="PASS" signature="validateMobileNumber()[pri:3, instance:com.qa.testcases.ProfilePageTest@39c0f4a]" name="validateMobileNumber" duration-ms="13339" started-at="2019-02-11T21:40:50Z" finished-at="2019-02-11T21:41:03Z">
          <reporter-output>
          </reporter-output>
        </test-method> <!-- validateMobileNumber -->
        <test-method status="PASS" signature="tearDown()[pri:0, instance:com.qa.testcases.ProfilePageTest@39c0f4a]" name="tearDown" is-config="true" duration-ms="730" started-at="2019-02-11T21:41:03Z" finished-at="2019-02-11T21:41:04Z">
          <reporter-output>
          </reporter-output>
        </test-method> <!-- tearDown -->
        <test-method status="PASS" signature="setup()[pri:0, instance:com.qa.testcases.ProfilePageTest@39c0f4a]" name="setup" is-config="true" duration-ms="22524" started-at="2019-02-11T21:41:54Z" finished-at="2019-02-11T21:42:16Z">
          <reporter-output>
          </reporter-output>
        </test-method> <!-- setup -->
        <test-method status="PASS" signature="takeScreenshot()[pri:4, instance:com.qa.testcases.ProfilePageTest@39c0f4a]" name="takeScreenshot" duration-ms="19724" started-at="2019-02-11T21:42:16Z" finished-at="2019-02-11T21:42:36Z">
          <reporter-output>
          </reporter-output>
        </test-method> <!-- takeScreenshot -->
        <test-method status="PASS" signature="tearDown()[pri:0, instance:com.qa.testcases.ProfilePageTest@39c0f4a]" name="tearDown" is-config="true" duration-ms="786" started-at="2019-02-11T21:42:36Z" finished-at="2019-02-11T21:42:37Z">
          <reporter-output>
          </reporter-output>
        </test-method> <!-- tearDown -->
      </class> <!-- com.qa.testcases.ProfilePageTest -->
      <class name="com.qa.testcases.LoginPageTest">
        <test-method status="PASS" signature="setup()[pri:0, instance:com.qa.testcases.LoginPageTest@7d9d1a19]" name="setup" is-config="true" duration-ms="77173" started-at="2019-02-11T21:34:30Z" finished-at="2019-02-11T21:35:47Z">
          <reporter-output>
          </reporter-output>
        </test-method> <!-- setup -->
        <test-method status="PASS" signature="loginPageTest()[pri:1, instance:com.qa.testcases.LoginPageTest@7d9d1a19]" name="loginPageTest" duration-ms="1741" started-at="2019-02-11T21:35:47Z" finished-at="2019-02-11T21:35:49Z">
          <reporter-output>
          </reporter-output>
        </test-method> <!-- loginPageTest -->
        <test-method status="PASS" signature="tearDown()[pri:0, instance:com.qa.testcases.LoginPageTest@7d9d1a19]" name="tearDown" is-config="true" duration-ms="798" started-at="2019-02-11T21:35:49Z" finished-at="2019-02-11T21:35:50Z">
          <reporter-output>
          </reporter-output>
        </test-method> <!-- tearDown -->
      </class> <!-- com.qa.testcases.LoginPageTest -->
    </test> <!-- Test -->
  </suite> <!-- Suite -->
</testng-results>
