<?xml version="1.0" encoding="UTF-8"?>
<!-- Generated by org.testng.reporters.JUnitXMLReporter -->
<testsuite hostname="Prateek" ignored="0" name="Test" tests="10" failures="2" timestamp="11 Feb 2019 16:13:20 GMT" time="529.586" errors="0">
  <testcase name="loginPageTest" time="1.741" classname="com.qa.testcases.LoginPageTest"/>
  <testcase name="profilePageTest" time="19.764" classname="com.qa.testcases.ProfilePageTest"/>
  <testcase name="homePageTest" time="10.784" classname="com.qa.testcases.HomePageTest"/>
  <testcase name="servicePageTest" time="15.602" classname="com.qa.testcases.ServicePageTest"/>
  <testcase name="getEmailAddress" time="29.335" classname="com.qa.testcases.ProfilePageTest">
    <failure type="java.lang.AssertionError" message="expected [sachin.p+dummy1@quantinsti.com] but found []">
      <![CDATA[java.lang.AssertionError: expected [sachin.p+dummy1@quantinsti.com] but found []
	at com.qa.testcases.ProfilePageTest.getEmailAddress(ProfilePageTest.java:49)
... Removed 31 stack frames]]>
    </failure>
  </testcase> <!-- getEmailAddress -->
  <testcase name="EpatButtonClick" time="24.435" classname="com.qa.testcases.ServicePageTest">
    <failure type="java.lang.IndexOutOfBoundsException" message="Index: 1, Size: 1">
      <![CDATA[java.lang.IndexOutOfBoundsException: Index: 1, Size: 1
	at java.util.ArrayList.rangeCheck(Unknown Source)
	at java.util.ArrayList.get(Unknown Source)
	at com.quanta.utility.Util.switchToNewTab(Util.java:33)
	at com.quanta.pages.Profilepage.profilepage(Profilepage.java:51)
	at com.qa.testcases.ServicePageTest.EpatButtonClick(ServicePageTest.java:48)
... Removed 25 stack frames]]>
    </failure>
  </testcase> <!-- EpatButtonClick -->
  <testcase name="validateMobileNumber" time="13.339" classname="com.qa.testcases.ProfilePageTest"/>
  <testcase name="quantraButtonClick" time="14.117" classname="com.qa.testcases.ServicePageTest"/>
  <testcase name="takeScreenshot" time="19.724" classname="com.qa.testcases.ProfilePageTest"/>
  <testcase name="logOutTest" time="14.521" classname="com.qa.testcases.ServicePageTest"/>
</testsuite> <!-- Test -->
