<html>
<head>
<title>TestNG:  Test</title>
<link href="../testng.css" rel="stylesheet" type="text/css" />
<link href="../my-testng.css" rel="stylesheet" type="text/css" />

<style type="text/css">
.log { display: none;} 
.stack-trace { display: none;} 
</style>
<script type="text/javascript">
<!--
function flip(e) {
  current = e.style.display;
  if (current == 'block') {
    e.style.display = 'none';
    return 0;
  }
  else {
    e.style.display = 'block';
    return 1;
  }
}

function toggleBox(szDivId, elem, msg1, msg2)
{
  var res = -1;  if (document.getElementById) {
    res = flip(document.getElementById(szDivId));
  }
  else if (document.all) {
    // this is the way old msie versions work
    res = flip(document.all[szDivId]);
  }
  if(elem) {
    if(res == 0) elem.innerHTML = msg1; else elem.innerHTML = msg2;
  }

}

function toggleAllBoxes() {
  if (document.getElementsByTagName) {
    d = document.getElementsByTagName('div');
    for (i = 0; i < d.length; i++) {
      if (d[i].className == 'log') {
        flip(d[i]);
      }
    }
  }
}

// -->
</script>

</head>
<body>
<h2 align='center'>Test</h2><table border='1' align="center">
<tr>
<td>Tests passed/Failed/Skipped:</td><td>8/2/0</td>
</tr><tr>
<td>Started on:</td><td>Mon Feb 11 21:34:30 IST 2019</td>
</tr>
<tr><td>Total time:</td><td>529 seconds (529586 ms)</td>
</tr><tr>
<td>Included groups:</td><td></td>
</tr><tr>
<td>Excluded groups:</td><td></td>
</tr>
</table><p/>
<small><i>(Hover the method name to see the test class name)</i></small><p/>
<table width='100%' border='1' class='invocation-failed'>
<tr><td colspan='4' align='center'><b>FAILED TESTS</b></td></tr>
<tr><td><b>Test method</b></td>
<td width="30%"><b>Exception</b></td>
<td width="10%"><b>Time (seconds)</b></td>
<td><b>Instance</b></td>
</tr>
<tr>
<td title='com.qa.testcases.ServicePageTest.EpatButtonClick()'><b>EpatButtonClick</b><br>Test class: com.qa.testcases.ServicePageTest</td>
<td><div><pre>java.lang.IndexOutOfBoundsException: Index: 1, Size: 1
	at java.util.ArrayList.rangeCheck(Unknown Source)
	at java.util.ArrayList.get(Unknown Source)
	at com.quanta.utility.Util.switchToNewTab(Util.java:33)
	at com.quanta.pages.Profilepage.profilepage(Profilepage.java:51)
	at com.qa.testcases.ServicePageTest.EpatButtonClick(ServicePageTest.java:48)
... Removed 25 stack frames</pre></div><a href='#' onClick='toggleBox("stack-trace1130551263", this, "Click to show all stack frames", "Click to hide stack frames")'>Click to show all stack frames</a>
<div class='stack-trace' id='stack-trace1130551263'><pre>java.lang.IndexOutOfBoundsException: Index: 1, Size: 1
	at java.util.ArrayList.rangeCheck(Unknown Source)
	at java.util.ArrayList.get(Unknown Source)
	at com.quanta.utility.Util.switchToNewTab(Util.java:33)
	at com.quanta.pages.Profilepage.profilepage(Profilepage.java:51)
	at com.qa.testcases.ServicePageTest.EpatButtonClick(ServicePageTest.java:48)
	at sun.reflect.NativeMethodAccessorImpl.invoke0(Native Method)
	at sun.reflect.NativeMethodAccessorImpl.invoke(Unknown Source)
	at sun.reflect.DelegatingMethodAccessorImpl.invoke(Unknown Source)
	at java.lang.reflect.Method.invoke(Unknown Source)
	at org.testng.internal.MethodInvocationHelper.invokeMethod(MethodInvocationHelper.java:108)
	at org.testng.internal.Invoker.invokeMethod(Invoker.java:661)
	at org.testng.internal.Invoker.invokeTestMethod(Invoker.java:869)
	at org.testng.internal.Invoker.invokeTestMethods(Invoker.java:1193)
	at org.testng.internal.TestMethodWorker.invokeTestMethods(TestMethodWorker.java:126)
	at org.testng.internal.TestMethodWorker.run(TestMethodWorker.java:109)
	at org.testng.TestRunner.privateRun(TestRunner.java:744)
	at org.testng.TestRunner.run(TestRunner.java:602)
	at org.testng.SuiteRunner.runTest(SuiteRunner.java:380)
	at org.testng.SuiteRunner.runSequentially(SuiteRunner.java:375)
	at org.testng.SuiteRunner.privateRun(SuiteRunner.java:340)
	at org.testng.SuiteRunner.run(SuiteRunner.java:289)
	at org.testng.SuiteRunnerWorker.runSuite(SuiteRunnerWorker.java:52)
	at org.testng.SuiteRunnerWorker.run(SuiteRunnerWorker.java:86)
	at org.testng.TestNG.runSuitesSequentially(TestNG.java:1301)
	at org.testng.TestNG.runSuitesLocally(TestNG.java:1226)
	at org.testng.TestNG.runSuites(TestNG.java:1144)
	at org.testng.TestNG.run(TestNG.java:1115)
	at org.testng.remote.AbstractRemoteTestNG.run(AbstractRemoteTestNG.java:114)
	at org.testng.remote.RemoteTestNG.initAndRun(RemoteTestNG.java:251)
	at org.testng.remote.RemoteTestNG.main(RemoteTestNG.java:77)
</pre></div></td>
<td>24</td>
<td>com.qa.testcases.ServicePageTest@42e26948</td></tr>
<tr>
<td title='com.qa.testcases.ProfilePageTest.getEmailAddress()'><b>getEmailAddress</b><br>Test class: com.qa.testcases.ProfilePageTest</td>
<td><div><pre>java.lang.AssertionError: expected [sachin.p+dummy1@quantinsti.com] but found []
	at com.qa.testcases.ProfilePageTest.getEmailAddress(ProfilePageTest.java:49)
... Removed 31 stack frames</pre></div><a href='#' onClick='toggleBox("stack-trace1902801188", this, "Click to show all stack frames", "Click to hide stack frames")'>Click to show all stack frames</a>
<div class='stack-trace' id='stack-trace1902801188'><pre>java.lang.AssertionError: expected [sachin.p+dummy1@quantinsti.com] but found []
	at org.testng.Assert.fail(Assert.java:93)
	at org.testng.Assert.failNotEquals(Assert.java:512)
	at org.testng.Assert.assertEqualsImpl(Assert.java:134)
	at org.testng.Assert.assertEquals(Assert.java:115)
	at org.testng.Assert.assertEquals(Assert.java:189)
	at org.testng.Assert.assertEquals(Assert.java:199)
	at com.qa.testcases.ProfilePageTest.getEmailAddress(ProfilePageTest.java:49)
	at sun.reflect.NativeMethodAccessorImpl.invoke0(Native Method)
	at sun.reflect.NativeMethodAccessorImpl.invoke(Unknown Source)
	at sun.reflect.DelegatingMethodAccessorImpl.invoke(Unknown Source)
	at java.lang.reflect.Method.invoke(Unknown Source)
	at org.testng.internal.MethodInvocationHelper.invokeMethod(MethodInvocationHelper.java:108)
	at org.testng.internal.Invoker.invokeMethod(Invoker.java:661)
	at org.testng.internal.Invoker.invokeTestMethod(Invoker.java:869)
	at org.testng.internal.Invoker.invokeTestMethods(Invoker.java:1193)
	at org.testng.internal.TestMethodWorker.invokeTestMethods(TestMethodWorker.java:126)
	at org.testng.internal.TestMethodWorker.run(TestMethodWorker.java:109)
	at org.testng.TestRunner.privateRun(TestRunner.java:744)
	at org.testng.TestRunner.run(TestRunner.java:602)
	at org.testng.SuiteRunner.runTest(SuiteRunner.java:380)
	at org.testng.SuiteRunner.runSequentially(SuiteRunner.java:375)
	at org.testng.SuiteRunner.privateRun(SuiteRunner.java:340)
	at org.testng.SuiteRunner.run(SuiteRunner.java:289)
	at org.testng.SuiteRunnerWorker.runSuite(SuiteRunnerWorker.java:52)
	at org.testng.SuiteRunnerWorker.run(SuiteRunnerWorker.java:86)
	at org.testng.TestNG.runSuitesSequentially(TestNG.java:1301)
	at org.testng.TestNG.runSuitesLocally(TestNG.java:1226)
	at org.testng.TestNG.runSuites(TestNG.java:1144)
	at org.testng.TestNG.run(TestNG.java:1115)
	at org.testng.remote.AbstractRemoteTestNG.run(AbstractRemoteTestNG.java:114)
	at org.testng.remote.RemoteTestNG.initAndRun(RemoteTestNG.java:251)
	at org.testng.remote.RemoteTestNG.main(RemoteTestNG.java:77)
</pre></div></td>
<td>29</td>
<td>com.qa.testcases.ProfilePageTest@39c0f4a</td></tr>
</table><p>
<table width='100%' border='1' class='invocation-passed'>
<tr><td colspan='4' align='center'><b>PASSED TESTS</b></td></tr>
<tr><td><b>Test method</b></td>
<td width="30%"><b>Exception</b></td>
<td width="10%"><b>Time (seconds)</b></td>
<td><b>Instance</b></td>
</tr>
<tr>
<td title='com.qa.testcases.HomePageTest.homePageTest()'><b>homePageTest</b><br>Test class: com.qa.testcases.HomePageTest</td>
<td></td>
<td>10</td>
<td>com.qa.testcases.HomePageTest@1794d431</td></tr>
<tr>
<td title='com.qa.testcases.ServicePageTest.logOutTest()'><b>logOutTest</b><br>Test class: com.qa.testcases.ServicePageTest</td>
<td></td>
<td>14</td>
<td>com.qa.testcases.ServicePageTest@42e26948</td></tr>
<tr>
<td title='com.qa.testcases.LoginPageTest.loginPageTest()'><b>loginPageTest</b><br>Test class: com.qa.testcases.LoginPageTest</td>
<td></td>
<td>1</td>
<td>com.qa.testcases.LoginPageTest@7d9d1a19</td></tr>
<tr>
<td title='com.qa.testcases.ProfilePageTest.profilePageTest()'><b>profilePageTest</b><br>Test class: com.qa.testcases.ProfilePageTest</td>
<td></td>
<td>19</td>
<td>com.qa.testcases.ProfilePageTest@39c0f4a</td></tr>
<tr>
<td title='com.qa.testcases.ServicePageTest.quantraButtonClick()'><b>quantraButtonClick</b><br>Test class: com.qa.testcases.ServicePageTest</td>
<td></td>
<td>14</td>
<td>com.qa.testcases.ServicePageTest@42e26948</td></tr>
<tr>
<td title='com.qa.testcases.ServicePageTest.servicePageTest()'><b>servicePageTest</b><br>Test class: com.qa.testcases.ServicePageTest</td>
<td></td>
<td>15</td>
<td>com.qa.testcases.ServicePageTest@42e26948</td></tr>
<tr>
<td title='com.qa.testcases.ProfilePageTest.takeScreenshot()'><b>takeScreenshot</b><br>Test class: com.qa.testcases.ProfilePageTest</td>
<td></td>
<td>19</td>
<td>com.qa.testcases.ProfilePageTest@39c0f4a</td></tr>
<tr>
<td title='com.qa.testcases.ProfilePageTest.validateMobileNumber()'><b>validateMobileNumber</b><br>Test class: com.qa.testcases.ProfilePageTest</td>
<td></td>
<td>13</td>
<td>com.qa.testcases.ProfilePageTest@39c0f4a</td></tr>
</table><p>
</body>
</html>